ISim log file
Running: /home/juan/Documentos/Electronica DIgital/Sum4/Sum4b/Sum4b_isim_beh.exe -intstyle ise -gui -tclbatch isim.cmd -wdb /home/juan/Documentos/Electronica DIgital/Sum4/Sum4b/Sum4b_isim_beh.wdb 
ISim P.20131013 (signature 0xfbc00daa)
WARNING: A WEBPACK license was found.
WARNING: Please use Xilinx License Configuration Manager to check out a full ISim license.
WARNING: ISim will run in Lite mode. Please refer to the ISim documentation for more information on the differences between the Lite and the Full version.
This is a Lite version of ISim.
WARNING:  For instance Sum4b/s0/, width 1 of formal port Ci is not equal to width 32 of actual constant.
Time resolution is 1 ps
# onerror resume
# wave add /
# run 1000 ns
Simulator is doing circuit initialization process.
Finished circuit initialization process.
# isim force add /Sum4b/xi 0 -radix bin -value 1 -radix bin -time 25 us -repeat 50 us
/Sum4b/xi: Array length and the input lengths are different

# isim force add /Sum4b/xi 0 -radix bin -value 1 -radix bin -time 25 us -repeat 50 us
/Sum4b/xi: Array length and the input lengths are different

# isim force add /Sum4b/yi 0 -radix bin -value 1 -radix bin -time 50 us -repeat 100 us
/Sum4b/yi: Array length and the input lengths are different

# run 1.00us
# run all
# run all
# run all
# run all
# run all
# run all
# exit 0
